[14:23:00] [main/INFO] [GradleStart]: username: Tracymatt2@hotmail.co.uk
[14:23:00] [main/INFO] [GradleStart]: Extra: []
[14:23:00] [main/INFO] [GradleStart]: Password found, attempting login
[14:23:01] [main/INFO] [GradleStart]: Login Succesful!
[14:23:01] [main/INFO] [GradleStart]: Running with arguments: [--userProperties, [], --assetsDir, C:/Users/Matt/.gradle/caches/minecraft/assets, --assetIndex, 1.8, --userType, mojang, --accessToken, {REDACTED}, --version, 1.8, --uuid, db80a7344a66409292a3dad914c8fce8, --username, Bluewolf279, --tweakClass, net.minecraftforge.fml.common.launcher.FMLTweaker, --tweakClass, net.minecraftforge.gradle.tweakers.CoremodTweaker]
[14:23:01] [main/INFO] [LaunchWrapper]: Loading tweak class name net.minecraftforge.fml.common.launcher.FMLTweaker
[14:23:01] [main/INFO] [LaunchWrapper]: Using primary tweak class name net.minecraftforge.fml.common.launcher.FMLTweaker
[14:23:01] [main/INFO] [LaunchWrapper]: Loading tweak class name net.minecraftforge.gradle.tweakers.CoremodTweaker
[14:23:02] [main/INFO] [LaunchWrapper]: Calling tweak class net.minecraftforge.fml.common.launcher.FMLTweaker
[14:40:41] [main/INFO] [GradleStart]: username: Tracymatt2@hotmail.co.uk
[14:40:41] [main/INFO] [GradleStart]: Extra: []
[14:40:41] [main/INFO] [GradleStart]: Password found, attempting login
[14:40:42] [main/INFO] [GradleStart]: Login Succesful!
[14:40:42] [main/INFO] [GradleStart]: Running with arguments: [--userProperties, [], --assetsDir, C:/Users/Matt/.gradle/caches/minecraft/assets, --assetIndex, 1.8, --userType, mojang, --accessToken, {REDACTED}, --version, 1.8, --uuid, db80a7344a66409292a3dad914c8fce8, --username, Bluewolf279, --tweakClass, net.minecraftforge.fml.common.launcher.FMLTweaker, --tweakClass, net.minecraftforge.gradle.tweakers.CoremodTweaker]
[14:40:42] [main/INFO] [LaunchWrapper]: Loading tweak class name net.minecraftforge.fml.common.launcher.FMLTweaker
[14:40:42] [main/INFO] [LaunchWrapper]: Using primary tweak class name net.minecraftforge.fml.common.launcher.FMLTweaker
[14:40:42] [main/INFO] [LaunchWrapper]: Loading tweak class name net.minecraftforge.gradle.tweakers.CoremodTweaker
[14:40:42] [main/INFO] [LaunchWrapper]: Calling tweak class net.minecraftforge.fml.common.launcher.FMLTweaker
[14:48:25] [main/INFO] [GradleStart]: username: Tracymatt2@hotmail.co.uk
[14:48:25] [main/INFO] [GradleStart]: Extra: []
[14:48:25] [main/INFO] [GradleStart]: Password found, attempting login
[14:48:27] [main/INFO] [GradleStart]: Login Succesful!
[14:48:27] [main/INFO] [GradleStart]: Running with arguments: [--userProperties, [], --assetsDir, C:/Users/Matt/.gradle/caches/minecraft/assets, --assetIndex, 1.8, --userType, mojang, --accessToken, {REDACTED}, --version, 1.8, --uuid, db80a7344a66409292a3dad914c8fce8, --username, Bluewolf279, --tweakClass, net.minecraftforge.fml.common.launcher.FMLTweaker, --tweakClass, net.minecraftforge.gradle.tweakers.CoremodTweaker]
[14:48:27] [main/INFO] [LaunchWrapper]: Loading tweak class name net.minecraftforge.fml.common.launcher.FMLTweaker
[14:48:27] [main/INFO] [LaunchWrapper]: Using primary tweak class name net.minecraftforge.fml.common.launcher.FMLTweaker
[14:48:27] [main/INFO] [LaunchWrapper]: Loading tweak class name net.minecraftforge.gradle.tweakers.CoremodTweaker
[14:48:27] [main/INFO] [LaunchWrapper]: Calling tweak class net.minecraftforge.fml.common.launcher.FMLTweaker
[15:00:08] [main/INFO] [GradleStart]: username: Tracymatt2@hotmail.co.uk
[15:00:08] [main/INFO] [GradleStart]: Extra: []
[15:00:08] [main/INFO] [GradleStart]: Password found, attempting login
[15:00:09] [main/INFO] [GradleStart]: Login Succesful!
[15:00:09] [main/INFO] [GradleStart]: Running with arguments: [--userProperties, [], --assetsDir, C:/Users/Matt/.gradle/caches/minecraft/assets, --assetIndex, 1.8, --userType, mojang, --accessToken, {REDACTED}, --version, 1.8, --uuid, db80a7344a66409292a3dad914c8fce8, --username, Bluewolf279, --tweakClass, net.minecraftforge.fml.common.launcher.FMLTweaker, --tweakClass, net.minecraftforge.gradle.tweakers.CoremodTweaker]
[15:00:09] [main/INFO] [LaunchWrapper]: Loading tweak class name net.minecraftforge.fml.common.launcher.FMLTweaker
[15:00:09] [main/INFO] [LaunchWrapper]: Using primary tweak class name net.minecraftforge.fml.common.launcher.FMLTweaker
[15:00:09] [main/INFO] [LaunchWrapper]: Loading tweak class name net.minecraftforge.gradle.tweakers.CoremodTweaker
[15:00:09] [main/INFO] [LaunchWrapper]: Calling tweak class net.minecraftforge.fml.common.launcher.FMLTweaker
[15:03:21] [main/INFO] [GradleStart]: username: Tracymatt2@hotmail.co.uk
[15:03:21] [main/INFO] [GradleStart]: Extra: []
[15:03:21] [main/INFO] [GradleStart]: Password found, attempting login
[15:03:23] [main/INFO] [GradleStart]: Login Succesful!
[15:03:23] [main/INFO] [GradleStart]: Running with arguments: [--userProperties, [], --assetsDir, C:/Users/Matt/.gradle/caches/minecraft/assets, --assetIndex, 1.8, --userType, mojang, --accessToken, {REDACTED}, --version, 1.8, --uuid, db80a7344a66409292a3dad914c8fce8, --username, Bluewolf279, --tweakClass, net.minecraftforge.fml.common.launcher.FMLTweaker, --tweakClass, net.minecraftforge.gradle.tweakers.CoremodTweaker]
[15:03:23] [main/INFO] [LaunchWrapper]: Loading tweak class name net.minecraftforge.fml.common.launcher.FMLTweaker
[15:03:23] [main/INFO] [LaunchWrapper]: Using primary tweak class name net.minecraftforge.fml.common.launcher.FMLTweaker
[15:03:23] [main/INFO] [LaunchWrapper]: Loading tweak class name net.minecraftforge.gradle.tweakers.CoremodTweaker
[15:03:23] [main/INFO] [LaunchWrapper]: Calling tweak class net.minecraftforge.fml.common.launcher.FMLTweaker
[15:47:42] [main/INFO] [GradleStart]: username: Tracymatt2@hotmail.co.uk
[15:47:42] [main/INFO] [GradleStart]: Extra: []
[15:47:42] [main/INFO] [GradleStart]: Password found, attempting login
[15:47:44] [main/INFO] [GradleStart]: Login Succesful!
[15:47:44] [main/INFO] [GradleStart]: Running with arguments: [--userProperties, [], --assetsDir, C:/Users/Matt/.gradle/caches/minecraft/assets, --assetIndex, 1.8, --userType, mojang, --accessToken, {REDACTED}, --version, 1.8, --uuid, db80a7344a66409292a3dad914c8fce8, --username, Bluewolf279, --tweakClass, net.minecraftforge.fml.common.launcher.FMLTweaker, --tweakClass, net.minecraftforge.gradle.tweakers.CoremodTweaker]
[15:47:44] [main/INFO] [LaunchWrapper]: Loading tweak class name net.minecraftforge.fml.common.launcher.FMLTweaker
[15:47:44] [main/INFO] [LaunchWrapper]: Using primary tweak class name net.minecraftforge.fml.common.launcher.FMLTweaker
[15:47:44] [main/INFO] [LaunchWrapper]: Loading tweak class name net.minecraftforge.gradle.tweakers.CoremodTweaker
[15:47:44] [main/INFO] [LaunchWrapper]: Calling tweak class net.minecraftforge.fml.common.launcher.FMLTweaker
[16:10:23] [main/INFO] [GradleStart]: username: Tracymatt2@hotmail.co.uk
[16:10:23] [main/INFO] [GradleStart]: Extra: []
[16:10:23] [main/INFO] [GradleStart]: Password found, attempting login
[16:10:25] [main/INFO] [GradleStart]: Login Succesful!
[16:10:25] [main/INFO] [GradleStart]: Running with arguments: [--userProperties, [], --assetsDir, C:/Users/Matt/.gradle/caches/minecraft/assets, --assetIndex, 1.8, --userType, mojang, --accessToken, {REDACTED}, --version, 1.8, --uuid, db80a7344a66409292a3dad914c8fce8, --username, Bluewolf279, --tweakClass, net.minecraftforge.fml.common.launcher.FMLTweaker, --tweakClass, net.minecraftforge.gradle.tweakers.CoremodTweaker]
[16:10:25] [main/INFO] [LaunchWrapper]: Loading tweak class name net.minecraftforge.fml.common.launcher.FMLTweaker
[16:10:25] [main/INFO] [LaunchWrapper]: Using primary tweak class name net.minecraftforge.fml.common.launcher.FMLTweaker
[16:10:25] [main/INFO] [LaunchWrapper]: Loading tweak class name net.minecraftforge.gradle.tweakers.CoremodTweaker
[16:10:25] [main/INFO] [LaunchWrapper]: Calling tweak class net.minecraftforge.fml.common.launcher.FMLTweaker
[16:55:03] [main/INFO] [GradleStart]: username: Tracymatt2@hotmail.co.uk
[16:55:03] [main/INFO] [GradleStart]: Extra: []
[16:55:03] [main/INFO] [GradleStart]: Password found, attempting login
[16:55:07] [main/INFO] [GradleStart]: Login Succesful!
[16:55:07] [main/INFO] [GradleStart]: Running with arguments: [--userProperties, [], --assetsDir, C:/Users/Matt/.gradle/caches/minecraft/assets, --assetIndex, 1.8, --userType, mojang, --accessToken, {REDACTED}, --version, 1.8, --uuid, db80a7344a66409292a3dad914c8fce8, --username, Bluewolf279, --tweakClass, net.minecraftforge.fml.common.launcher.FMLTweaker, --tweakClass, net.minecraftforge.gradle.tweakers.CoremodTweaker]
[16:55:07] [main/INFO] [LaunchWrapper]: Loading tweak class name net.minecraftforge.fml.common.launcher.FMLTweaker
[16:55:07] [main/INFO] [LaunchWrapper]: Using primary tweak class name net.minecraftforge.fml.common.launcher.FMLTweaker
[16:55:07] [main/INFO] [LaunchWrapper]: Loading tweak class name net.minecraftforge.gradle.tweakers.CoremodTweaker
[16:55:07] [main/INFO] [LaunchWrapper]: Calling tweak class net.minecraftforge.fml.common.launcher.FMLTweaker
[17:38:14] [main/INFO] [GradleStart]: username: Tracymatt2@hotmail.co.uk
[17:38:14] [main/INFO] [GradleStart]: Extra: []
[17:38:14] [main/INFO] [GradleStart]: Password found, attempting login
[17:38:17] [main/INFO] [GradleStart]: Login Succesful!
[17:38:17] [main/INFO] [GradleStart]: Running with arguments: [--userProperties, [], --assetsDir, C:/Users/Matt/.gradle/caches/minecraft/assets, --assetIndex, 1.8, --userType, mojang, --accessToken, {REDACTED}, --version, 1.8, --uuid, db80a7344a66409292a3dad914c8fce8, --username, Bluewolf279, --tweakClass, net.minecraftforge.fml.common.launcher.FMLTweaker, --tweakClass, net.minecraftforge.gradle.tweakers.CoremodTweaker]
[17:38:17] [main/INFO] [LaunchWrapper]: Loading tweak class name net.minecraftforge.fml.common.launcher.FMLTweaker
[17:38:17] [main/INFO] [LaunchWrapper]: Using primary tweak class name net.minecraftforge.fml.common.launcher.FMLTweaker
[17:38:17] [main/INFO] [LaunchWrapper]: Loading tweak class name net.minecraftforge.gradle.tweakers.CoremodTweaker
[17:38:17] [main/INFO] [LaunchWrapper]: Calling tweak class net.minecraftforge.fml.common.launcher.FMLTweaker
[17:58:04] [main/INFO] [GradleStart]: username: Tracymatt2@hotmail.co.uk
[17:58:04] [main/INFO] [GradleStart]: Extra: []
[17:58:04] [main/INFO] [GradleStart]: Password found, attempting login
[17:58:06] [main/INFO] [GradleStart]: Login Succesful!
[17:58:06] [main/INFO] [GradleStart]: Running with arguments: [--userProperties, [], --assetsDir, C:/Users/Matt/.gradle/caches/minecraft/assets, --assetIndex, 1.8, --userType, mojang, --accessToken, {REDACTED}, --version, 1.8, --uuid, db80a7344a66409292a3dad914c8fce8, --username, Bluewolf279, --tweakClass, net.minecraftforge.fml.common.launcher.FMLTweaker, --tweakClass, net.minecraftforge.gradle.tweakers.CoremodTweaker]
[17:58:06] [main/INFO] [LaunchWrapper]: Loading tweak class name net.minecraftforge.fml.common.launcher.FMLTweaker
[17:58:06] [main/INFO] [LaunchWrapper]: Using primary tweak class name net.minecraftforge.fml.common.launcher.FMLTweaker
[17:58:06] [main/INFO] [LaunchWrapper]: Loading tweak class name net.minecraftforge.gradle.tweakers.CoremodTweaker
[17:58:06] [main/INFO] [LaunchWrapper]: Calling tweak class net.minecraftforge.fml.common.launcher.FMLTweaker
[18:05:17] [main/INFO] [GradleStart]: username: Tracymatt2@hotmail.co.uk
[18:05:17] [main/INFO] [GradleStart]: Extra: []
[18:05:17] [main/INFO] [GradleStart]: Password found, attempting login
[18:05:19] [main/INFO] [GradleStart]: Login Succesful!
[18:05:19] [main/INFO] [GradleStart]: Running with arguments: [--userProperties, [], --assetsDir, C:/Users/Matt/.gradle/caches/minecraft/assets, --assetIndex, 1.8, --userType, mojang, --accessToken, {REDACTED}, --version, 1.8, --uuid, db80a7344a66409292a3dad914c8fce8, --username, Bluewolf279, --tweakClass, net.minecraftforge.fml.common.launcher.FMLTweaker, --tweakClass, net.minecraftforge.gradle.tweakers.CoremodTweaker]
[18:05:19] [main/INFO] [LaunchWrapper]: Loading tweak class name net.minecraftforge.fml.common.launcher.FMLTweaker
[18:05:19] [main/INFO] [LaunchWrapper]: Using primary tweak class name net.minecraftforge.fml.common.launcher.FMLTweaker
[18:05:19] [main/INFO] [LaunchWrapper]: Loading tweak class name net.minecraftforge.gradle.tweakers.CoremodTweaker
[18:05:19] [main/INFO] [LaunchWrapper]: Calling tweak class net.minecraftforge.fml.common.launcher.FMLTweaker
[18:07:09] [main/INFO] [GradleStart]: username: Tracymatt2@hotmail.co.uk
[18:07:09] [main/INFO] [GradleStart]: Extra: []
[18:07:09] [main/INFO] [GradleStart]: Password found, attempting login
[18:07:10] [main/INFO] [GradleStart]: Login Succesful!
[18:07:11] [main/INFO] [GradleStart]: Running with arguments: [--userProperties, [], --assetsDir, C:/Users/Matt/.gradle/caches/minecraft/assets, --assetIndex, 1.8, --userType, mojang, --accessToken, {REDACTED}, --version, 1.8, --uuid, db80a7344a66409292a3dad914c8fce8, --username, Bluewolf279, --tweakClass, net.minecraftforge.fml.common.launcher.FMLTweaker, --tweakClass, net.minecraftforge.gradle.tweakers.CoremodTweaker]
[18:07:11] [main/INFO] [LaunchWrapper]: Loading tweak class name net.minecraftforge.fml.common.launcher.FMLTweaker
[18:07:11] [main/INFO] [LaunchWrapper]: Using primary tweak class name net.minecraftforge.fml.common.launcher.FMLTweaker
[18:07:11] [main/INFO] [LaunchWrapper]: Loading tweak class name net.minecraftforge.gradle.tweakers.CoremodTweaker
[18:07:11] [main/INFO] [LaunchWrapper]: Calling tweak class net.minecraftforge.fml.common.launcher.FMLTweaker
[18:14:14] [main/INFO] [GradleStart]: username: Tracymatt2@hotmail.co.uk
[18:14:14] [main/INFO] [GradleStart]: Extra: []
[18:14:14] [main/INFO] [GradleStart]: Password found, attempting login
[18:14:16] [main/INFO] [GradleStart]: Login Succesful!
[18:14:16] [main/INFO] [GradleStart]: Running with arguments: [--userProperties, [], --assetsDir, C:/Users/Matt/.gradle/caches/minecraft/assets, --assetIndex, 1.8, --userType, mojang, --accessToken, {REDACTED}, --version, 1.8, --uuid, db80a7344a66409292a3dad914c8fce8, --username, Bluewolf279, --tweakClass, net.minecraftforge.fml.common.launcher.FMLTweaker, --tweakClass, net.minecraftforge.gradle.tweakers.CoremodTweaker]
[18:14:16] [main/INFO] [LaunchWrapper]: Loading tweak class name net.minecraftforge.fml.common.launcher.FMLTweaker
[18:14:16] [main/INFO] [LaunchWrapper]: Using primary tweak class name net.minecraftforge.fml.common.launcher.FMLTweaker
[18:14:16] [main/INFO] [LaunchWrapper]: Loading tweak class name net.minecraftforge.gradle.tweakers.CoremodTweaker
[18:14:16] [main/INFO] [LaunchWrapper]: Calling tweak class net.minecraftforge.fml.common.launcher.FMLTweaker
[18:25:45] [main/INFO] [GradleStart]: username: Tracymatt2@hotmail.co.uk
[18:25:45] [main/INFO] [GradleStart]: Extra: []
[18:25:45] [main/INFO] [GradleStart]: Password found, attempting login
[18:25:47] [main/INFO] [GradleStart]: Login Succesful!
[18:25:47] [main/INFO] [GradleStart]: Running with arguments: [--userProperties, [], --assetsDir, C:/Users/Matt/.gradle/caches/minecraft/assets, --assetIndex, 1.8, --userType, mojang, --accessToken, {REDACTED}, --version, 1.8, --uuid, db80a7344a66409292a3dad914c8fce8, --username, Bluewolf279, --tweakClass, net.minecraftforge.fml.common.launcher.FMLTweaker, --tweakClass, net.minecraftforge.gradle.tweakers.CoremodTweaker]
[18:25:47] [main/INFO] [LaunchWrapper]: Loading tweak class name net.minecraftforge.fml.common.launcher.FMLTweaker
[18:25:47] [main/INFO] [LaunchWrapper]: Using primary tweak class name net.minecraftforge.fml.common.launcher.FMLTweaker
[18:25:47] [main/INFO] [LaunchWrapper]: Loading tweak class name net.minecraftforge.gradle.tweakers.CoremodTweaker
[18:25:47] [main/INFO] [LaunchWrapper]: Calling tweak class net.minecraftforge.fml.common.launcher.FMLTweaker
[18:26:31] [main/INFO] [GradleStart]: username: Tracymatt2@hotmail.co.uk
[18:26:31] [main/INFO] [GradleStart]: Extra: []
[18:26:31] [main/INFO] [GradleStart]: Password found, attempting login
[18:26:33] [main/INFO] [GradleStart]: Login Succesful!
[18:26:33] [main/INFO] [GradleStart]: Running with arguments: [--userProperties, [], --assetsDir, C:/Users/Matt/.gradle/caches/minecraft/assets, --assetIndex, 1.8, --userType, mojang, --accessToken, {REDACTED}, --version, 1.8, --uuid, db80a7344a66409292a3dad914c8fce8, --username, Bluewolf279, --tweakClass, net.minecraftforge.fml.common.launcher.FMLTweaker, --tweakClass, net.minecraftforge.gradle.tweakers.CoremodTweaker]
[18:26:33] [main/INFO] [LaunchWrapper]: Loading tweak class name net.minecraftforge.fml.common.launcher.FMLTweaker
[18:26:33] [main/INFO] [LaunchWrapper]: Using primary tweak class name net.minecraftforge.fml.common.launcher.FMLTweaker
[18:26:33] [main/INFO] [LaunchWrapper]: Loading tweak class name net.minecraftforge.gradle.tweakers.CoremodTweaker
[18:26:33] [main/INFO] [LaunchWrapper]: Calling tweak class net.minecraftforge.fml.common.launcher.FMLTweaker
[18:31:32] [main/INFO] [GradleStart]: username: Tracymatt2@hotmail.co.uk
[18:31:32] [main/INFO] [GradleStart]: Extra: []
[18:31:32] [main/INFO] [GradleStart]: Password found, attempting login
[18:31:33] [main/INFO] [GradleStart]: Login Succesful!
[18:31:33] [main/INFO] [GradleStart]: Running with arguments: [--userProperties, [], --assetsDir, C:/Users/Matt/.gradle/caches/minecraft/assets, --assetIndex, 1.8, --userType, mojang, --accessToken, {REDACTED}, --version, 1.8, --uuid, db80a7344a66409292a3dad914c8fce8, --username, Bluewolf279, --tweakClass, net.minecraftforge.fml.common.launcher.FMLTweaker, --tweakClass, net.minecraftforge.gradle.tweakers.CoremodTweaker]
[18:31:33] [main/INFO] [LaunchWrapper]: Loading tweak class name net.minecraftforge.fml.common.launcher.FMLTweaker
[18:31:33] [main/INFO] [LaunchWrapper]: Using primary tweak class name net.minecraftforge.fml.common.launcher.FMLTweaker
[18:31:33] [main/INFO] [LaunchWrapper]: Loading tweak class name net.minecraftforge.gradle.tweakers.CoremodTweaker
[18:31:33] [main/INFO] [LaunchWrapper]: Calling tweak class net.minecraftforge.fml.common.launcher.FMLTweaker
[18:32:52] [main/INFO] [GradleStart]: username: Tracymatt2@hotmail.co.uk
[18:32:52] [main/INFO] [GradleStart]: Extra: []
[18:32:52] [main/INFO] [GradleStart]: Password found, attempting login
[18:32:53] [main/INFO] [GradleStart]: Login Succesful!
[18:32:53] [main/INFO] [GradleStart]: Running with arguments: [--userProperties, [], --assetsDir, C:/Users/Matt/.gradle/caches/minecraft/assets, --assetIndex, 1.8, --userType, mojang, --accessToken, {REDACTED}, --version, 1.8, --uuid, db80a7344a66409292a3dad914c8fce8, --username, Bluewolf279, --tweakClass, net.minecraftforge.fml.common.launcher.FMLTweaker, --tweakClass, net.minecraftforge.gradle.tweakers.CoremodTweaker]
[18:32:53] [main/INFO] [LaunchWrapper]: Loading tweak class name net.minecraftforge.fml.common.launcher.FMLTweaker
[18:32:53] [main/INFO] [LaunchWrapper]: Using primary tweak class name net.minecraftforge.fml.common.launcher.FMLTweaker
[18:32:53] [main/INFO] [LaunchWrapper]: Loading tweak class name net.minecraftforge.gradle.tweakers.CoremodTweaker
[18:32:53] [main/INFO] [LaunchWrapper]: Calling tweak class net.minecraftforge.fml.common.launcher.FMLTweaker
[18:48:38] [main/INFO] [GradleStart]: username: Tracymatt2@hotmail.co.uk
[18:48:38] [main/INFO] [GradleStart]: Extra: []
[18:48:38] [main/INFO] [GradleStart]: Password found, attempting login
[18:48:40] [main/INFO] [GradleStart]: Login Succesful!
[18:48:40] [main/INFO] [GradleStart]: Running with arguments: [--userProperties, [], --assetsDir, C:/Users/Matt/.gradle/caches/minecraft/assets, --assetIndex, 1.8, --userType, mojang, --accessToken, {REDACTED}, --version, 1.8, --uuid, db80a7344a66409292a3dad914c8fce8, --username, Bluewolf279, --tweakClass, net.minecraftforge.fml.common.launcher.FMLTweaker, --tweakClass, net.minecraftforge.gradle.tweakers.CoremodTweaker]
[18:48:40] [main/INFO] [LaunchWrapper]: Loading tweak class name net.minecraftforge.fml.common.launcher.FMLTweaker
[18:48:40] [main/INFO] [LaunchWrapper]: Using primary tweak class name net.minecraftforge.fml.common.launcher.FMLTweaker
[18:48:40] [main/INFO] [LaunchWrapper]: Loading tweak class name net.minecraftforge.gradle.tweakers.CoremodTweaker
[18:48:40] [main/INFO] [LaunchWrapper]: Calling tweak class net.minecraftforge.fml.common.launcher.FMLTweaker
[18:59:06] [main/INFO] [GradleStart]: username: Tracymatt2@hotmail.co.uk
[18:59:06] [main/INFO] [GradleStart]: Extra: []
[18:59:06] [main/INFO] [GradleStart]: Password found, attempting login
[18:59:08] [main/INFO] [GradleStart]: Login Succesful!
[18:59:08] [main/INFO] [GradleStart]: Running with arguments: [--userProperties, [], --assetsDir, C:/Users/Matt/.gradle/caches/minecraft/assets, --assetIndex, 1.8, --userType, mojang, --accessToken, {REDACTED}, --version, 1.8, --uuid, db80a7344a66409292a3dad914c8fce8, --username, Bluewolf279, --tweakClass, net.minecraftforge.fml.common.launcher.FMLTweaker, --tweakClass, net.minecraftforge.gradle.tweakers.CoremodTweaker]
[18:59:08] [main/INFO] [LaunchWrapper]: Loading tweak class name net.minecraftforge.fml.common.launcher.FMLTweaker
[18:59:08] [main/INFO] [LaunchWrapper]: Using primary tweak class name net.minecraftforge.fml.common.launcher.FMLTweaker
[18:59:08] [main/INFO] [LaunchWrapper]: Loading tweak class name net.minecraftforge.gradle.tweakers.CoremodTweaker
[18:59:08] [main/INFO] [LaunchWrapper]: Calling tweak class net.minecraftforge.fml.common.launcher.FMLTweaker
[19:02:33] [main/INFO] [GradleStart]: username: Tracymatt2@hotmail.co.uk
[19:02:33] [main/INFO] [GradleStart]: Extra: []
[19:02:33] [main/INFO] [GradleStart]: Password found, attempting login
[19:02:35] [main/INFO] [GradleStart]: Login Succesful!
[19:02:36] [main/INFO] [GradleStart]: Running with arguments: [--userProperties, [], --assetsDir, C:/Users/Matt/.gradle/caches/minecraft/assets, --assetIndex, 1.8, --userType, mojang, --accessToken, {REDACTED}, --version, 1.8, --uuid, db80a7344a66409292a3dad914c8fce8, --username, Bluewolf279, --tweakClass, net.minecraftforge.fml.common.launcher.FMLTweaker, --tweakClass, net.minecraftforge.gradle.tweakers.CoremodTweaker]
[19:02:36] [main/INFO] [LaunchWrapper]: Loading tweak class name net.minecraftforge.fml.common.launcher.FMLTweaker
[19:02:36] [main/INFO] [LaunchWrapper]: Using primary tweak class name net.minecraftforge.fml.common.launcher.FMLTweaker
[19:02:36] [main/INFO] [LaunchWrapper]: Loading tweak class name net.minecraftforge.gradle.tweakers.CoremodTweaker
[19:02:36] [main/INFO] [LaunchWrapper]: Calling tweak class net.minecraftforge.fml.common.launcher.FMLTweaker
