[19:16:55] [main/INFO]: Logging in with username & password
[19:17:00] [Client thread/INFO]: Setting user: Bluewolf279
[19:17:02] [Client thread/INFO]: LWJGL Version: 2.9.1
[19:17:06] [Client thread/INFO]: Reloading ResourceManager: Default, FMLFileResourcePack:Forge Mod Loader, FMLFileResourcePack:Minecraft Forge, FMLFileResourcePack:AOS, FMLFileResourcePack:Example Mod
[19:17:06] [Client thread/WARN]: ResourcePack: ignored non-lowercase namespace: AOS/ in C:\Users\Matt\workspace\AOS\bin
[19:17:06] [Client thread/WARN]: ResourcePack: ignored non-lowercase namespace: Textures/ in C:\Users\Matt\workspace\AOS\bin
[19:17:07] [Sound Library Loader/INFO]: Starting up SoundSystem...
[19:17:07] [Thread-9/INFO]: Initializing LWJGL OpenAL
[19:17:07] [Thread-9/INFO]: (The LWJGL binding of OpenAL.  For more information, see http://www.lwjgl.org)
[19:17:07] [Thread-9/INFO]: OpenAL initialized.
[19:17:07] [Sound Library Loader/INFO]: Sound engine started
[19:17:10] [Client thread/INFO]: Created: 512x512 textures-atlas
[19:17:11] [Client thread/INFO]: Reloading ResourceManager: Default, FMLFileResourcePack:Forge Mod Loader, FMLFileResourcePack:Minecraft Forge, FMLFileResourcePack:AOS, FMLFileResourcePack:Example Mod
[19:17:11] [Client thread/WARN]: ResourcePack: ignored non-lowercase namespace: AOS/ in C:\Users\Matt\workspace\AOS\bin
[19:17:11] [Client thread/WARN]: ResourcePack: ignored non-lowercase namespace: Textures/ in C:\Users\Matt\workspace\AOS\bin
[19:17:12] [Client thread/INFO]: SoundSystem shutting down...
[19:17:12] [Client thread/WARN]: Author: Paul Lamb, www.paulscode.com
[19:17:12] [Sound Library Loader/INFO]: Starting up SoundSystem...
[19:17:12] [Thread-11/INFO]: Initializing LWJGL OpenAL
[19:17:12] [Thread-11/INFO]: (The LWJGL binding of OpenAL.  For more information, see http://www.lwjgl.org)
[19:17:12] [Thread-11/INFO]: OpenAL initialized.
[19:17:12] [Sound Library Loader/INFO]: Sound engine started
[19:17:15] [Client thread/INFO]: Created: 512x512 textures-atlas
[19:17:52] [Server thread/INFO]: Starting integrated minecraft server version 1.8
[19:17:52] [Server thread/INFO]: Generating keypair
[19:17:52] [Server thread/INFO]: Preparing start region for level 0
[19:17:53] [Server thread/INFO]: Preparing spawn area: 86%
[19:17:54] [Server thread/INFO]: Changing view distance to 12, from 10
[19:17:57] [Server thread/INFO]: Bluewolf279[local:E:da5fc38e] logged in with entity id 326 at (183.20611354078, 70.0, 121.33315363089132)
[19:17:57] [Server thread/INFO]: Bluewolf279 joined the game
[19:18:00] [Server thread/INFO]: Saving and pausing game...
[19:18:00] [Server thread/INFO]: Saving chunks for level 'Test World'/Overworld
[19:18:00] [Server thread/INFO]: Saving chunks for level 'Test World'/Nether
[19:18:00] [Server thread/INFO]: Saving chunks for level 'Test World'/The End
